<?xml version="1.0" encoding="UTF-8"?>
<!-- Generated by org.testng.reporters.JUnitReportReporter -->
<testsuite hostname="DESKTOP-DFAO42P" failures="0" tests="1" name="testCaseSample.ShopperstackAddaddress_test" time="23.371" errors="0" timestamp="2023-03-13T19:05:30 IST" skipped="0">
  <testcase classname="testCaseSample.ShopperstackAddaddress_test" name="addAddress" time="23.371"/>
  <system-out/>
</testsuite> <!-- testCaseSample.ShopperstackAddaddress_test -->
