<?xml version="1.0" encoding="UTF-8"?>
<!-- Generated by org.testng.reporters.JUnitReportReporter -->
<testsuite hostname="DESKTOP-DFAO42P" failures="0" tests="1" name="testCaseSample.ShopperStack_AddOfficeAddress" time="13.062" errors="0" timestamp="2023-03-13T16:00:48 IST" skipped="0">
  <testcase classname="testCaseSample.ShopperStack_AddOfficeAddress" name="AddOfficeAddress" time="13.062"/>
  <system-out/>
</testsuite> <!-- testCaseSample.ShopperStack_AddOfficeAddress -->
