<?xml version="1.0" encoding="UTF-8"?>
<!-- Generated by org.testng.reporters.JUnitReportReporter -->
<testsuite hostname="DESKTOP-DFAO42P" failures="0" tests="1" name="testCaseSample.ShopperStackSignup" time="10.774" errors="0" timestamp="2023-03-08T13:24:23 IST" skipped="0">
  <testcase classname="testCaseSample.ShopperStackSignup" name="registerUser" time="10.774"/>
  <system-out/>
</testsuite> <!-- testCaseSample.ShopperStackSignup -->
