<?xml version="1.0" encoding="UTF-8"?>
<!-- Generated by org.testng.reporters.JUnitReportReporter -->
<testsuite hostname="DESKTOP-DFAO42P" failures="0" tests="1" name="testCaseSample.SingUp_Test" time="0.000" errors="0" timestamp="2023-02-15T15:20:54 IST" skipped="1">
  <testcase classname="testCaseSample.SingUp_Test" name="registerUser" time="0.000">
    <skipped/>
  </testcase> <!-- registerUser -->
  <system-out/>
</testsuite> <!-- testCaseSample.SingUp_Test -->
