<?xml version="1.0" encoding="UTF-8"?>
<!-- Generated by org.testng.reporters.JUnitReportReporter -->
<testsuite hostname="DESKTOP-DFAO42P" failures="0" tests="1" name="testCaseSample.ShopperStack_RemovefromWishlist" time="11.572" errors="0" timestamp="2023-03-10T11:26:10 IST" skipped="0">
  <testcase classname="testCaseSample.ShopperStack_RemovefromWishlist" name="removefromWishlist" time="11.572"/>
  <system-out/>
</testsuite> <!-- testCaseSample.ShopperStack_RemovefromWishlist -->
