<?xml version="1.0" encoding="UTF-8"?>
<!-- Generated by org.testng.reporters.JUnitReportReporter -->
<testsuite hostname="DESKTOP-DFAO42P" failures="0" tests="1" name="testCaseSample.shopperStack" time="11.646" errors="0" timestamp="2023-02-15T12:02:00 IST" skipped="0">
  <testcase classname="testCaseSample.shopperStack" name="checkAddress" time="11.646"/>
  <system-out/>
</testsuite> <!-- testCaseSample.shopperStack -->
