<?xml version="1.0" encoding="UTF-8"?>
<!-- Generated by org.testng.reporters.JUnitReportReporter -->
<testsuite hostname="DESKTOP-DFAO42P" failures="0" tests="1" name="testCaseSample.ShopperstackEditName_Test" time="34.331" errors="0" timestamp="2023-03-13T19:02:25 IST" skipped="0">
  <testcase classname="testCaseSample.ShopperstackEditName_Test" name="editName" time="34.331"/>
  <system-out/>
</testsuite> <!-- testCaseSample.ShopperstackEditName_Test -->
