<?xml version="1.0" encoding="UTF-8"?>
<!-- Generated by org.testng.reporters.JUnitReportReporter -->
<testsuite hostname="DESKTOP-DFAO42P" failures="0" tests="1" name="testDataSample.SampleDataProvider" time="18.768" errors="0" timestamp="2023-02-15T15:57:24 IST" skipped="0">
  <testcase classname="testDataSample.SampleDataProvider" name="registerUser" time="18.768"/>
  <system-out/>
</testsuite> <!-- testDataSample.SampleDataProvider -->
