<?xml version="1.0" encoding="UTF-8"?>
<!-- Generated by org.testng.reporters.JUnitReportReporter -->
<testsuite hostname="DESKTOP-DFAO42P" failures="0" tests="1" name="testCaseSample.ShopperStack_DeleteMyLikes" time="10.250" errors="0" timestamp="2023-03-09T20:12:03 IST" skipped="0">
  <testcase classname="testCaseSample.ShopperStack_DeleteMyLikes" name="deletemylikes" time="10.250"/>
  <system-out/>
</testsuite> <!-- testCaseSample.ShopperStack_DeleteMyLikes -->
