<?xml version="1.0" encoding="UTF-8"?>
<!-- Generated by org.testng.reporters.JUnitReportReporter -->
<testsuite hostname="DESKTOP-DFAO42P" failures="0" tests="1" name="testDataSample.ShopperStackSignup" time="14.391" errors="0" timestamp="2023-02-16T15:16:49 IST" skipped="0">
  <testcase classname="testDataSample.ShopperStackSignup" name="registerUser" time="14.391"/>
  <system-out/>
</testsuite> <!-- testDataSample.ShopperStackSignup -->
