<?xml version="1.0" encoding="UTF-8"?>
<!-- Generated by org.testng.reporters.JUnitReportReporter -->
<testsuite hostname="DESKTOP-DFAO42P" failures="0" tests="1" name="testCaseSample.ShopperStack_EditAddress" time="19.243" errors="0" timestamp="2023-03-13T18:56:40 IST" skipped="0">
  <testcase classname="testCaseSample.ShopperStack_EditAddress" name="editAddress" time="19.243"/>
  <system-out/>
</testsuite> <!-- testCaseSample.ShopperStack_EditAddress -->
