<?xml version="1.0" encoding="UTF-8"?>
<!-- Generated by org.testng.reporters.JUnitReportReporter -->
<testsuite hostname="DESKTOP-DFAO42P" failures="0" tests="1" name="testCaseSample.ShopperStack_Search" time="12.425" errors="0" timestamp="2023-03-13T19:56:50 IST" skipped="0">
  <testcase classname="testCaseSample.ShopperStack_Search" name="searchItem" time="12.425"/>
  <system-out/>
</testsuite> <!-- testCaseSample.ShopperStack_Search -->
