<?xml version="1.0" encoding="UTF-8"?>
<!-- Generated by org.testng.reporters.JUnitReportReporter -->
<testsuite hostname="DESKTOP-DFAO42P" failures="0" tests="1" name="testCaseSample.ShopperStack_EditNumber" time="23.449" errors="0" timestamp="2023-03-13T19:00:35 IST" skipped="0">
  <testcase classname="testCaseSample.ShopperStack_EditNumber" name="editName" time="23.449"/>
  <system-out/>
</testsuite> <!-- testCaseSample.ShopperStack_EditNumber -->
