<?xml version="1.0" encoding="UTF-8"?>
<!-- Generated by org.testng.reporters.JUnitReportReporter -->
<testsuite hostname="DESKTOP-DFAO42P" failures="0" tests="1" name="testCaseSample.shopperStacklogin_test" time="8.068" errors="0" timestamp="2023-02-15T16:59:22 IST" skipped="0">
  <testcase classname="testCaseSample.shopperStacklogin_test" name="checkAddress" time="8.068"/>
  <system-out/>
</testsuite> <!-- testCaseSample.shopperStacklogin_test -->
