<?xml version="1.0" encoding="UTF-8"?>
<!-- Generated by org.testng.reporters.JUnitReportReporter -->
<testsuite hostname="DESKTOP-DFAO42P" failures="0" tests="1" name="testCaseSample.ShopperstackEditProfile_Test" time="17.016" errors="0" timestamp="2023-03-13T15:36:23 IST" skipped="0">
  <testcase classname="testCaseSample.ShopperstackEditProfile_Test" name="editProfile" time="17.016"/>
  <system-out/>
</testsuite> <!-- testCaseSample.ShopperstackEditProfile_Test -->
