<?xml version="1.0" encoding="UTF-8"?>
<!-- Generated by org.testng.reporters.JUnitReportReporter -->
<testsuite hostname="DESKTOP-DFAO42P" failures="0" tests="1" name="testCaseSample.shopperStackloginAndLogout_test" time="12.871" errors="0" timestamp="2023-03-13T18:37:33 IST" skipped="0">
  <testcase classname="testCaseSample.shopperStackloginAndLogout_test" name="loginAndLogout" time="12.871"/>
  <system-out/>
</testsuite> <!-- testCaseSample.shopperStackloginAndLogout_test -->
